<?xml version="1.0" encoding="UTF-8"?>
<testsuite xmlns:xsi="http://www.w3.org/2001/XMLSchema-instance" xsi:noNamespaceSchemaLocation="https://maven.apache.org/surefire/maven-surefire-plugin/xsd/surefire-test-report.xsd" name="runner.TestRunner" time="141.037" tests="4" errors="1" skipped="0" failures="0">
  <properties>
[...]
</properties>
  <testcase name="Add and Remove a Mac book from Cart" classname="Laptop &amp; NoteBooks feature" time="45.073">
    <error message="no such element: Unable to locate element: {&quot;method&quot;:&quot;xpath&quot;,&quot;selector&quot;:&quot;//button[@id=&apos;button-cart&apos;]&quot;}&#10;  (Session info: chrome=102.0.5005.115)&#10;For documentation on this error, please visit: https://www.seleniumhq.org/exceptions/no_such_element.html&#10;Build info: version: &apos;3.141.59&apos;, revision: &apos;e82be7d358&apos;, time: &apos;2018-11-14T08:17:03&apos;&#10;System info: host: &apos;LAPTOP-UTQA8TQH&apos;, ip: &apos;192.168.1.96&apos;, os.name: &apos;Windows 11&apos;, os.arch: &apos;amd64&apos;, os.version: &apos;10.0&apos;, java.version: &apos;18&apos;&#10;Driver info: org.openqa.selenium.chrome.ChromeDriver&#10;Capabilities {acceptInsecureCerts: false, browserName: chrome, browserVersion: 102.0.5005.115, chrome: {chromedriverVersion: 102.0.5005.61 (0e59bcc00cc4..., userDataDir: C:\Users\HAMID-~1\AppData\L...}, goog:chromeOptions: {debuggerAddress: localhost:60855}, javascriptEnabled: true, networkConnectionEnabled: false, pageLoadStrategy: normal, platform: WINDOWS, platformName: WINDOWS, proxy: Proxy(), setWindowRect: true, strictFileInteractability: false, timeouts: {implicit: 0, pageLoad: 300000, script: 30000}, unhandledPromptBehavior: dismiss and notify, webauthn:extension:credBlob: true, webauthn:extension:largeBlob: true, webauthn:virtualAuthenticators: true}&#10;Session ID: f2841100e8cdf0fcbd41d6fa478a1d93&#10;*** Element info: {Using=xpath, value=//button[@id=&apos;button-cart&apos;]}" type="org.openqa.selenium.NoSuchElementException">org.openqa.selenium.NoSuchElementException: 
no such element: Unable to locate element: {"method":"xpath","selector":"//button[@id='button-cart']"}
  (Session info: chrome=102.0.5005.115)
For documentation on this error, please visit: https://www.seleniumhq.org/exceptions/no_such_element.html
Build info: version: '3.141.59', revision: 'e82be7d358', time: '2018-11-14T08:17:03'
System info: host: 'LAPTOP-UTQA8TQH', ip: '192.168.1.96', os.name: 'Windows 11', os.arch: 'amd64', os.version: '10.0', java.version: '18'
Driver info: org.openqa.selenium.chrome.ChromeDriver
Capabilities {acceptInsecureCerts: false, browserName: chrome, browserVersion: 102.0.5005.115, chrome: {chromedriverVersion: 102.0.5005.61 (0e59bcc00cc4..., userDataDir: C:\Users\HAMID-~1\AppData\L...}, goog:chromeOptions: {debuggerAddress: localhost:60855}, javascriptEnabled: true, networkConnectionEnabled: false, pageLoadStrategy: normal, platform: WINDOWS, platformName: WINDOWS, proxy: Proxy(), setWindowRect: true, strictFileInteractability: false, timeouts: {implicit: 0, pageLoad: 300000, script: 30000}, unhandledPromptBehavior: dismiss and notify, webauthn:extension:credBlob: true, webauthn:extension:largeBlob: true, webauthn:virtualAuthenticators: true}
Session ID: f2841100e8cdf0fcbd41d6fa478a1d93
*** Element info: {Using=xpath, value=//button[@id='button-cart']}
</error>
    <system-out><![CDATA[
@laptopNoteBook @macBook
Scenario: Add and Remove a Mac book from Cart                                            # features/LaptopNotebook.feature:7
 INFO [main] (Initializer.java:18)- Scenario Add and Remove a Mac book from Cart Passed
 INFO [main] (LaptopNoteBook_Steps.java:24)- user cliked on laptop % Notebook tab successfully
  Given User click on Laptop &NoteBook tab                                               # stepDefinitions.LaptopNoteBook_Steps.user_click_on_laptop_note_book_tab()
 INFO [main] (LaptopNoteBook_Steps.java:31)- User clicked on show all laptop & Notebook successfully
  When User click on Show all Laptop &NoteBook option                                    # stepDefinitions.LaptopNoteBook_Steps.user_click_on_show_all_laptop_note_book_option()
 INFO [main] (LaptopNoteBook_Steps.java:38)- user clicked on MacBook item successfully
  And User click on MacBook  item                                                        # stepDefinitions.LaptopNoteBook_Steps.user_click_on_mac_book_item()
  And User click add to Cart buttonForMac                                                # stepDefinitions.LaptopNoteBook_Steps.user_click_add_to_cart_button_for_mac()
      org.openqa.selenium.NoSuchElementException: no such element: Unable to locate element: {"method":"xpath","selector":"//button[@id='button-cart']"}
  (Session info: chrome=102.0.5005.115)
For documentation on this error, please visit: https://www.seleniumhq.org/exceptions/no_such_element.html
Build info: version: '3.141.59', revision: 'e82be7d358', time: '2018-11-14T08:17:03'
System info: host: 'LAPTOP-UTQA8TQH', ip: '192.168.1.96', os.name: 'Windows 11', os.arch: 'amd64', os.version: '10.0', java.version: '18'
Driver info: org.openqa.selenium.chrome.ChromeDriver
Capabilities {acceptInsecureCerts: false, browserName: chrome, browserVersion: 102.0.5005.115, chrome: {chromedriverVersion: 102.0.5005.61 (0e59bcc00cc4..., userDataDir: C:\Users\HAMID-~1\AppData\L...}, goog:chromeOptions: {debuggerAddress: localhost:60855}, javascriptEnabled: true, networkConnectionEnabled: false, pageLoadStrategy: normal, platform: WINDOWS, platformName: WINDOWS, proxy: Proxy(), setWindowRect: true, strictFileInteractability: false, timeouts: {implicit: 0, pageLoad: 300000, script: 30000}, unhandledPromptBehavior: dismiss and notify, webauthn:extension:credBlob: true, webauthn:extension:largeBlob: true, webauthn:virtualAuthenticators: true}
Session ID: f2841100e8cdf0fcbd41d6fa478a1d93
*** Element info: {Using=xpath, value=//button[@id='button-cart']}
	at java.base/jdk.internal.reflect.DirectConstructorHandleAccessor.newInstance(DirectConstructorHandleAccessor.java:67)
	at java.base/java.lang.reflect.Constructor.newInstanceWithCaller(Constructor.java:499)
	at java.base/java.lang.reflect.Constructor.newInstance(Constructor.java:483)
	at org.openqa.selenium.remote.http.W3CHttpResponseCodec.createException(W3CHttpResponseCodec.java:187)
	at org.openqa.selenium.remote.http.W3CHttpResponseCodec.decode(W3CHttpResponseCodec.java:122)
	at org.openqa.selenium.remote.http.W3CHttpResponseCodec.decode(W3CHttpResponseCodec.java:49)
	at org.openqa.selenium.remote.HttpCommandExecutor.execute(HttpCommandExecutor.java:158)
	at org.openqa.selenium.remote.service.DriverCommandExecutor.execute(DriverCommandExecutor.java:83)
	at org.openqa.selenium.remote.RemoteWebDriver.execute(RemoteWebDriver.java:552)
	at org.openqa.selenium.remote.RemoteWebDriver.findElement(RemoteWebDriver.java:323)
	at org.openqa.selenium.remote.RemoteWebDriver.findElementByXPath(RemoteWebDriver.java:428)
	at org.openqa.selenium.By$ByXPath.findElement(By.java:353)
	at org.openqa.selenium.remote.RemoteWebDriver.findElement(RemoteWebDriver.java:315)
	at org.openqa.selenium.support.pagefactory.DefaultElementLocator.findElement(DefaultElementLocator.java:69)
	at org.openqa.selenium.support.pagefactory.internal.LocatingElementHandler.invoke(LocatingElementHandler.java:38)
	at jdk.proxy2/jdk.proxy2.$Proxy20.click(Unknown Source)
	at pageObjects.LaptopNoteBook_PageObjects.click_add_to_Cart_buttonForMac(LaptopNoteBook_PageObjects.java:50)
	at stepDefinitions.LaptopNoteBook_Steps.user_click_add_to_cart_button_for_mac(LaptopNoteBook_Steps.java:44)
	at ✽.User click add to Cart buttonForMac(classpath:features/LaptopNotebook.feature:11)

  And User should see a message ‘Success: You have added MacBook to your shopping cart!’ # stepDefinitions.LaptopNoteBook_Steps.user_should_see_a_message_success_you_have_added_mac_book_to_your_shopping_cart()
  And User should see ‘1 tem(s)-602.00’ showed to the cart                               # stepDefinitions.LaptopNoteBook_Steps.user_should_see_tem_s_showed_to_the_cart(java.lang.Integer,java.lang.Double)
  And User click on cart option                                                          # stepDefinitions.LaptopNoteBook_Steps.user_click_on_cart_option()
  Then user click on red X button to remove the item from cart                           # stepDefinitions.LaptopNoteBook_Steps.user_click_on_red_x_button_to_remove_the_item_from_cart()
  Then item should be removed and cart should show ‘0 item(s)’                           # stepDefinitions.LaptopNoteBook_Steps.item_should_be_removed_and_cart_should_show_item_s(java.lang.Integer)
]]></system-out>
    <system-err><![CDATA[SLF4J: Failed to load class "org.slf4j.impl.StaticLoggerBinder".
SLF4J: Defaulting to no-operation (NOP) logger implementation
SLF4J: See http://www.slf4j.org/codes.html#StaticLoggerBinder for further details.
Starting ChromeDriver 102.0.5005.61 (0e59bcc00cc4985ce39ad31c150065f159d95ad3-refs/branch-heads/5005@{#819}) on port 44099
Only local connections are allowed.
Please see https://chromedriver.chromium.org/security-considerations for suggestions on keeping ChromeDriver safe.
ChromeDriver was started successfully.
Jun 13, 2022 4:35:19 PM org.openqa.selenium.remote.ProtocolHandshake createSession
INFO: Detected dialect: W3C
]]></system-err>
  </testcase>
  <testcase name="Product Comparison" classname="Laptop &amp; NoteBooks feature" time="28.34"/>
  <testcase name="Adding an item to Wish list" classname="Laptop &amp; NoteBooks feature" time="26.554"/>
  <testcase name="Validate the price of MacBook Pro is 2000" classname="Laptop &amp; NoteBooks feature" time="32.046"/>
</testsuite>